[debug] [2025-04-10T05:46:48.182Z] ----------------------------------------------------------------------
[debug] [2025-04-10T05:46:48.185Z] Command:       /nix/store/ixbb20farqh1f4fqbmsn6b1ixn8mc8ij-nodejs-20.18.1/bin/node /nix/store/b9a1wqzb1vkh5xd2mrp196csvbgv8j13-firebase-tools-14.0.1/lib/node_modules/firebase-tools/lib/bin/firebase.js init hosting
[debug] [2025-04-10T05:46:48.186Z] CLI Version:   14.0.1
[debug] [2025-04-10T05:46:48.186Z] Platform:      linux
[debug] [2025-04-10T05:46:48.186Z] Node Version:  v20.18.1
[debug] [2025-04-10T05:46:48.186Z] Time:          Thu Apr 10 2025 05:46:48 GMT+0000 (Coordinated Universal Time)
[debug] [2025-04-10T05:46:48.186Z] ----------------------------------------------------------------------
[debug] 
[debug] [2025-04-10T05:46:48.195Z] > command requires scopes: ["email","openid","https://www.googleapis.com/auth/cloudplatformprojects.readonly","https://www.googleapis.com/auth/firebase","https://www.googleapis.com/auth/cloud-platform"]
[debug] [2025-04-10T05:46:48.195Z] > authorizing via signed-in user (g.navasardyan@equiron.com)
[info] 
     ######## #### ########  ######## ########     ###     ######  ########
     ##        ##  ##     ## ##       ##     ##  ##   ##  ##       ##
     ######    ##  ########  ######   ########  #########  ######  ######
     ##        ##  ##    ##  ##       ##     ## ##     ##       ## ##
     ##       #### ##     ## ######## ########  ##     ##  ######  ########

You're about to initialize a Firebase project in this directory:

  /home/user/replitexport-gnavasardyan

[info] 
=== Project Setup
[info] 
[info] First, let's associate this project directory with a Firebase project.
[info] You can create multiple project aliases by running firebase use --add, 
[info] but for now we'll just set up a default project.
[info] 
[info] i  If you want to create a project in a Google Cloud organization or folder, please use "firebase projects:create" instead, and return to this command when you've created the project. 
[debug] [2025-04-10T05:48:18.204Z] Checked if tokens are valid: true, expires at: 1744267325419
[debug] [2025-04-10T05:48:18.209Z] Checked if tokens are valid: true, expires at: 1744267325419
[debug] [2025-04-10T05:48:18.214Z] >>> [apiv2][query] POST https://cloudresourcemanager.googleapis.com/v1/projects [none]
[debug] [2025-04-10T05:48:18.214Z] >>> [apiv2][body] POST https://cloudresourcemanager.googleapis.com/v1/projects {"projectId":"reactui","name":"reactui"}
[debug] [2025-04-10T05:48:19.058Z] <<< [apiv2][status] POST https://cloudresourcemanager.googleapis.com/v1/projects 400
[debug] [2025-04-10T05:48:19.058Z] <<< [apiv2][body] POST https://cloudresourcemanager.googleapis.com/v1/projects {"error":{"code":400,"message":"Cloud Resource Manager project creation is disabled. Contact your administrator to enable this setting in the Google Cloud Platform service in the Google Workspace Admin console. See https://support.google.com/a/answer/9197205 for more information.","status":"FAILED_PRECONDITION","details":[{"@type":"type.googleapis.com/google.rpc.PreconditionFailure","violations":[{"type":"SERVICE","description":"Cloud Resource Manager project creation is disabled. Contact your administrator to enable this setting in the Google Cloud Platform service in the Google Workspace Admin console. See https://support.google.com/a/answer/9197205 for more information."}]}]}}
[debug] [2025-04-10T05:48:19.086Z] FirebaseError: Request to https://cloudresourcemanager.googleapis.com/v1/projects had HTTP Error: 400, Cloud Resource Manager project creation is disabled. Contact your administrator to enable this setting in the Google Cloud Platform service in the Google Workspace Admin console. See https://support.google.com/a/answer/9197205 for more information.
    at responseToError (/nix/store/b9a1wqzb1vkh5xd2mrp196csvbgv8j13-firebase-tools-14.0.1/lib/node_modules/firebase-tools/lib/responseToError.js:52:12)
    at RetryOperation._fn (/nix/store/b9a1wqzb1vkh5xd2mrp196csvbgv8j13-firebase-tools-14.0.1/lib/node_modules/firebase-tools/lib/apiv2.js:312:77)
    at process.processTicksAndRejections (node:internal/process/task_queues:95:5)
[error] 
[error] Error: Failed to create project. See firebase-debug.log for more info.
